<?xml version="1.0" encoding="UTF-8"?>
<!-- Generated by org.testng.reporters.JUnitXMLReporter -->
<testsuite hostname="DESKTOP-I602HU4" ignored="0" name="Default test" tests="11" failures="0" timestamp="2022-09-28T21:22:53 IST" time="31.711" errors="0">
  <testcase name="titleVerificationTest" time="0.017" classname="com.qa.freecrm.testlayers.HomePageTest"/>
  <testcase name="logoDisplayTest" time="1.998" classname="com.qa.freecrm.testlayers.HomePageTest"/>
  <testcase name="userNameDisplayTest" time="0.105" classname="com.qa.freecrm.testlayers.HomePageTest"/>
  <testcase name="enabilityOfSearchbarTest" time="0.027" classname="com.qa.freecrm.testlayers.HomePageTest"/>
  <testcase name="sidePannelEnabilityTest" time="2.761" classname="com.qa.freecrm.testlayers.HomePageTest"/>
  <testcase name="mainContentDisplayTest" time="0.945" classname="com.qa.freecrm.testlayers.HomePageTest"/>
  <testcase name="clickOnCalendarTest" time="1.047" classname="com.qa.freecrm.testlayers.HomePageTest"/>
  <testcase name="clickOnCompaniesTest" time="1.382" classname="com.qa.freecrm.testlayers.HomePageTest"/>
  <testcase name="clickOnContactTest" time="1.334" classname="com.qa.freecrm.testlayers.HomePageTest"/>
  <testcase name="clickOnDealsTest" time="1.417" classname="com.qa.freecrm.testlayers.HomePageTest"/>
  <testcase name="clickOnTaskTest" time="1.35" classname="com.qa.freecrm.testlayers.HomePageTest"/>
</testsuite> <!-- Default test -->
