<?xml version="1.0" encoding="UTF-8"?>
<!-- Generated by org.testng.reporters.JUnitXMLReporter -->
<testsuite hostname="DESKTOP-I602HU4" ignored="0" name="test1" tests="3" failures="1" timestamp="2022-10-01T15:01:26 IST" time="23.619" errors="0">
  <testcase name="titleVerificationTest" time="0.017" classname="com.qa.freecrm.testlayers.LoginPageTest">
    <failure type="java.lang.AssertionError" message="expected [Cogmento CRM] but found [Free CRM]">
      <![CDATA[java.lang.AssertionError: expected [Cogmento CRM] but found [Free CRM]
at com.qa.freecrm.testlayers.LoginPageTest.titleVerificationTest(LoginPageTest.java:35)
at java.util.ArrayList.forEach(Unknown Source)
... Removed 33 stack frames]]>
    </failure>
  </testcase> <!-- titleVerificationTest -->
  <testcase name="enabilityOfForgetPasswordTest" time="0.084" classname="com.qa.freecrm.testlayers.LoginPageTest"/>
  <testcase name="loginTest" time="0.468" classname="com.qa.freecrm.testlayers.LoginPageTest"/>
</testsuite> <!-- test1 -->
